app/build/intermediates/manifest_merge_blame_file/debug/manifest-merger-blame-debug-report.txt
1<?xml version="1.0" encoding="utf-8"?>
2<manifest xmlns:android="http://schemas.android.com/apk/res/android"
3    package="com.raywenderlich.android.netderlix"
4    android:versionCode="1"
5    android:versionName="1.0" >
6
7    <uses-sdk
8        android:minSdkVersion="21"
8-->src\main\AndroidManifest.xml
9        android:targetSdkVersion="29" />
9-->src\main\AndroidManifest.xml
10
11    <uses-permission android:name="android.permission.ACCESS_NETWORK_STATE" />
11-->src\main\AndroidManifest.xml:6:3-77
11-->src\main\AndroidManifest.xml:6:20-74
12    <uses-permission android:name="android.permission.INTERNET" />
12-->src\main\AndroidManifest.xml:7:3-65
12-->src\main\AndroidManifest.xml:7:20-62
13
14    <uses-feature
14-->src\main\AndroidManifest.xml:9:2-11:29
15        android:name="android.software.leanback"
15-->src\main\AndroidManifest.xml:10:4-44
16        android:required="true" />
16-->src\main\AndroidManifest.xml:11:4-27
17    <uses-feature
17-->src\main\AndroidManifest.xml:13:3-15:34
18        android:name="android.hardware.touchscreen"
18-->src\main\AndroidManifest.xml:14:7-50
19        android:required="false" />
19-->src\main\AndroidManifest.xml:15:7-31
20
21    <application
21-->src\main\AndroidManifest.xml:18:3-40:17
22        android:allowBackup="false"
22-->src\main\AndroidManifest.xml:20:7-34
23        android:appComponentFactory="androidx.core.app.CoreComponentFactory"
23-->[androidx.core:core:1.3.2] AndroidManifest.xml:24:18-86
24        android:banner="@drawable/banner"
24-->src\main\AndroidManifest.xml:19:7-40
25        android:debuggable="true"
26        android:icon="@mipmap/ic_launcher"
26-->src\main\AndroidManifest.xml:21:7-41
27        android:label="@string/app_name"
27-->src\main\AndroidManifest.xml:22:7-39
28        android:roundIcon="@mipmap/ic_launcher_round"
28-->src\main\AndroidManifest.xml:23:7-52
29        android:supportsRtl="true"
29-->src\main\AndroidManifest.xml:24:7-33
30        android:testOnly="true"
31        android:theme="@style/AppTheme" >
31-->src\main\AndroidManifest.xml:25:7-38
32        <activity
32-->src\main\AndroidManifest.xml:27:5-36:16
33            android:name="com.raywenderlich.android.netderlix.catalog.CatalogActivity"
33-->src\main\AndroidManifest.xml:28:9-48
34            android:icon="@mipmap/ic_launcher"
34-->src\main\AndroidManifest.xml:29:9-43
35            android:label="@string/title_activity_tutorials"
35-->src\main\AndroidManifest.xml:30:9-57
36            android:screenOrientation="landscape" >
36-->src\main\AndroidManifest.xml:31:9-46
37            <intent-filter>
37-->src\main\AndroidManifest.xml:32:7-35:23
38                <action android:name="android.intent.action.MAIN" />
38-->src\main\AndroidManifest.xml:33:9-61
38-->src\main\AndroidManifest.xml:33:17-58
39
40                <category android:name="android.intent.category.LAUNCHER" />
40-->src\main\AndroidManifest.xml:34:9-69
40-->src\main\AndroidManifest.xml:34:19-66
41            </intent-filter>
42        </activity>
43        <activity android:name="com.raywenderlich.android.netderlix.details.VideoDetailsActivity" />
43-->src\main\AndroidManifest.xml:37:5-62
43-->src\main\AndroidManifest.xml:37:15-59
44        <activity android:name="com.raywenderlich.android.netderlix.playback.VideoPlaybackActivity" />
44-->src\main\AndroidManifest.xml:38:5-64
44-->src\main\AndroidManifest.xml:38:15-61
45        <activity
45-->[com.google.android.gms:play-services-auth:19.0.0] AndroidManifest.xml:23:9-27:75
46            android:name="com.google.android.gms.auth.api.signin.internal.SignInHubActivity"
46-->[com.google.android.gms:play-services-auth:19.0.0] AndroidManifest.xml:24:13-93
47            android:excludeFromRecents="true"
47-->[com.google.android.gms:play-services-auth:19.0.0] AndroidManifest.xml:25:13-46
48            android:exported="false"
48-->[com.google.android.gms:play-services-auth:19.0.0] AndroidManifest.xml:26:13-37
49            android:theme="@android:style/Theme.Translucent.NoTitleBar" />
49-->[com.google.android.gms:play-services-auth:19.0.0] AndroidManifest.xml:27:13-72
50        <!--
51            Service handling Google Sign-In user revocation. For apps that do not integrate with
52            Google Sign-In, this service will never be started.
53        -->
54        <service
54-->[com.google.android.gms:play-services-auth:19.0.0] AndroidManifest.xml:33:9-37:51
55            android:name="com.google.android.gms.auth.api.signin.RevocationBoundService"
55-->[com.google.android.gms:play-services-auth:19.0.0] AndroidManifest.xml:34:13-89
56            android:exported="true"
56-->[com.google.android.gms:play-services-auth:19.0.0] AndroidManifest.xml:35:13-36
57            android:permission="com.google.android.gms.auth.api.signin.permission.REVOCATION_NOTIFICATION"
57-->[com.google.android.gms:play-services-auth:19.0.0] AndroidManifest.xml:36:13-107
58            android:visibleToInstantApps="true" />
58-->[com.google.android.gms:play-services-auth:19.0.0] AndroidManifest.xml:37:13-48
59
60        <activity
60-->[com.google.android.gms:play-services-base:17.1.0] AndroidManifest.xml:23:9-26:75
61            android:name="com.google.android.gms.common.api.GoogleApiActivity"
61-->[com.google.android.gms:play-services-base:17.1.0] AndroidManifest.xml:24:13-79
62            android:exported="false"
62-->[com.google.android.gms:play-services-base:17.1.0] AndroidManifest.xml:25:13-37
63            android:theme="@android:style/Theme.Translucent.NoTitleBar" />
63-->[com.google.android.gms:play-services-base:17.1.0] AndroidManifest.xml:26:13-72
64
65        <meta-data
65-->[com.google.android.gms:play-services-basement:17.1.1] AndroidManifest.xml:23:9-25:69
66            android:name="com.google.android.gms.version"
66-->[com.google.android.gms:play-services-basement:17.1.1] AndroidManifest.xml:24:13-58
67            android:value="@integer/google_play_services_version" />
67-->[com.google.android.gms:play-services-basement:17.1.1] AndroidManifest.xml:25:13-66
68    </application>
69
70</manifest>